[0.005s] Invoking command in '/home/alex/ROS2/dev_ws/src/yahboom_bot_1/build/yahboom_bot_1': CMAKE_PREFIX_PATH=${CMAKE_PREFIX_PATH}:/opt/ros/humble /usr/bin/cmake /home/alex/ROS2/dev_ws/src/yahboom_bot_1 -DAMENT_CMAKE_SYMLINK_INSTALL=1 -DCMAKE_INSTALL_PREFIX=/home/alex/ROS2/dev_ws/src/yahboom_bot_1/install/yahboom_bot_1
[0.030s] -- The C compiler identification is GNU 11.4.0
[0.057s] -- The CXX compiler identification is GNU 11.4.0
[0.060s] -- Detecting C compiler ABI info
[0.093s] -- Detecting C compiler ABI info - done
[0.096s] -- Check for working C compiler: /usr/bin/cc - skipped
[0.097s] -- Detecting C compile features
[0.097s] -- Detecting C compile features - done
[0.098s] -- Detecting CXX compiler ABI info
[0.141s] -- Detecting CXX compiler ABI info - done
[0.142s] -- Check for working CXX compiler: /usr/bin/c++ - skipped
[0.142s] -- Detecting CXX compile features
[0.143s] -- Detecting CXX compile features - done
[0.144s] -- Found ament_cmake: 1.3.11 (/opt/ros/humble/share/ament_cmake/cmake)
[0.216s] -- Found Python3: /usr/bin/python3 (found version "3.10.12") found components: Interpreter 
[0.247s] -- Override CMake install command with custom implementation using symlinks instead of copying resources
[0.259s] -- Found ament_lint_auto: 0.12.12 (/opt/ros/humble/share/ament_lint_auto/cmake)
[0.296s] -- Added test 'copyright' to check source files copyright and LICENSE
[0.307s] -- Added test 'cppcheck' to perform static code analysis on C / C++ code
[0.307s] -- Configured cppcheck include dirs: 
[0.307s] -- Configured cppcheck exclude dirs and/or files: 
[0.318s] -- Added test 'cpplint' to check C / C++ code against the Google style
[0.318s] -- Configured cpplint exclude dirs and/or files: 
[0.319s] -- Added test 'flake8' to check Python code syntax and style conventions
[0.322s] -- Added test 'lint_cmake' to check CMake code style
[0.323s] -- Added test 'pep257' to check Python code against some of the docstring style conventions in PEP 257
[0.334s] -- Added test 'uncrustify' to check C / C++ code style
[0.334s] -- Configured uncrustify additional arguments: 
[0.335s] -- Added test 'xmllint' to check XML markup files
[0.336s] -- Configuring done
[0.337s] -- Generating done
[0.338s] -- Build files have been written to: /home/alex/ROS2/dev_ws/src/yahboom_bot_1/build/yahboom_bot_1
[0.341s] Invoked command in '/home/alex/ROS2/dev_ws/src/yahboom_bot_1/build/yahboom_bot_1' returned '0': CMAKE_PREFIX_PATH=${CMAKE_PREFIX_PATH}:/opt/ros/humble /usr/bin/cmake /home/alex/ROS2/dev_ws/src/yahboom_bot_1 -DAMENT_CMAKE_SYMLINK_INSTALL=1 -DCMAKE_INSTALL_PREFIX=/home/alex/ROS2/dev_ws/src/yahboom_bot_1/install/yahboom_bot_1
[0.342s] Invoking command in '/home/alex/ROS2/dev_ws/src/yahboom_bot_1/build/yahboom_bot_1': CMAKE_PREFIX_PATH=${CMAKE_PREFIX_PATH}:/opt/ros/humble /usr/bin/cmake --build /home/alex/ROS2/dev_ws/src/yahboom_bot_1/build/yahboom_bot_1 -- -j4 -l4
[0.361s] Invoked command in '/home/alex/ROS2/dev_ws/src/yahboom_bot_1/build/yahboom_bot_1' returned '0': CMAKE_PREFIX_PATH=${CMAKE_PREFIX_PATH}:/opt/ros/humble /usr/bin/cmake --build /home/alex/ROS2/dev_ws/src/yahboom_bot_1/build/yahboom_bot_1 -- -j4 -l4
[0.366s] Invoking command in '/home/alex/ROS2/dev_ws/src/yahboom_bot_1/build/yahboom_bot_1': CMAKE_PREFIX_PATH=${CMAKE_PREFIX_PATH}:/opt/ros/humble /usr/bin/cmake --install /home/alex/ROS2/dev_ws/src/yahboom_bot_1/build/yahboom_bot_1
[0.369s] -- Install configuration: ""
[0.369s] -- Execute custom install script
[0.369s] -- Symlinking: /home/alex/ROS2/dev_ws/src/yahboom_bot_1/install/yahboom_bot_1/share/yahboom_bot_1/config/TEST_config.rviz
[0.373s] -- Symlinking: /home/alex/ROS2/dev_ws/src/yahboom_bot_1/install/yahboom_bot_1/share/yahboom_bot_1/config/camera.rviz
[0.376s] -- Symlinking: /home/alex/ROS2/dev_ws/src/yahboom_bot_1/install/yahboom_bot_1/share/yahboom_bot_1/config/controllers.yaml
[0.380s] -- Symlinking: /home/alex/ROS2/dev_ws/src/yahboom_bot_1/install/yahboom_bot_1/share/yahboom_bot_1/config/empty.yaml
[0.383s] -- Symlinking: /home/alex/ROS2/dev_ws/src/yahboom_bot_1/install/yahboom_bot_1/share/yahboom_bot_1/config/scan.rviz
[0.387s] -- Symlinking: /home/alex/ROS2/dev_ws/src/yahboom_bot_1/install/yahboom_bot_1/share/yahboom_bot_1/config/view_bot.rviz
[0.390s] -- Symlinking: /home/alex/ROS2/dev_ws/src/yahboom_bot_1/install/yahboom_bot_1/share/yahboom_bot_1/config/view_bot2.rviz
[0.394s] -- Symlinking: /home/alex/ROS2/dev_ws/src/yahboom_bot_1/install/yahboom_bot_1/share/yahboom_bot_1/description/OLD_gazebo_control.xacro
[0.398s] -- Symlinking: /home/alex/ROS2/dev_ws/src/yahboom_bot_1/install/yahboom_bot_1/share/yahboom_bot_1/description/OLD_lidar.xacro
[0.402s] -- Symlinking: /home/alex/ROS2/dev_ws/src/yahboom_bot_1/install/yahboom_bot_1/share/yahboom_bot_1/description/OLD_robot_core.xacro
[0.405s] -- Symlinking: /home/alex/ROS2/dev_ws/src/yahboom_bot_1/install/yahboom_bot_1/share/yahboom_bot_1/description/TEST_ack.xacro
[0.409s] -- Symlinking: /home/alex/ROS2/dev_ws/src/yahboom_bot_1/install/yahboom_bot_1/share/yahboom_bot_1/description/camera.xacro
[0.412s] -- Symlinking: /home/alex/ROS2/dev_ws/src/yahboom_bot_1/install/yahboom_bot_1/share/yahboom_bot_1/description/gazebo_control.xacro
[0.416s] -- Symlinking: /home/alex/ROS2/dev_ws/src/yahboom_bot_1/install/yahboom_bot_1/share/yahboom_bot_1/description/gazebo_control_diff.xacro
[0.419s] -- Symlinking: /home/alex/ROS2/dev_ws/src/yahboom_bot_1/install/yahboom_bot_1/share/yahboom_bot_1/description/lidar.xacro
[0.423s] -- Symlinking: /home/alex/ROS2/dev_ws/src/yahboom_bot_1/install/yahboom_bot_1/share/yahboom_bot_1/description/robot.urdf.xacro
[0.426s] -- Symlinking: /home/alex/ROS2/dev_ws/src/yahboom_bot_1/install/yahboom_bot_1/share/yahboom_bot_1/description/robot_core.xacro
[0.432s] -- Symlinking: /home/alex/ROS2/dev_ws/src/yahboom_bot_1/install/yahboom_bot_1/share/yahboom_bot_1/description/robot_core_BACKUP.urdf.xacro
[0.434s] -- Symlinking: /home/alex/ROS2/dev_ws/src/yahboom_bot_1/install/yahboom_bot_1/share/yahboom_bot_1/launch/launch_sim.launch.py
[0.438s] -- Symlinking: /home/alex/ROS2/dev_ws/src/yahboom_bot_1/install/yahboom_bot_1/share/yahboom_bot_1/launch/robot_description_publisher.launch.py
[0.442s] -- Symlinking: /home/alex/ROS2/dev_ws/src/yahboom_bot_1/install/yahboom_bot_1/share/yahboom_bot_1/launch/rsp.launch.py
[0.445s] -- Symlinking: /home/alex/ROS2/dev_ws/src/yahboom_bot_1/install/yahboom_bot_1/share/yahboom_bot_1/launch/test.launch.py
[0.449s] -- Symlinking: /home/alex/ROS2/dev_ws/src/yahboom_bot_1/install/yahboom_bot_1/share/yahboom_bot_1/worlds/box.world
[0.453s] -- Symlinking: /home/alex/ROS2/dev_ws/src/yahboom_bot_1/install/yahboom_bot_1/share/yahboom_bot_1/worlds/empty.world
[0.457s] -- Symlinking: /home/alex/ROS2/dev_ws/src/yahboom_bot_1/install/yahboom_bot_1/share/yahboom_bot_1/worlds/my_world.world
[0.461s] -- Symlinking: /home/alex/ROS2/dev_ws/src/yahboom_bot_1/install/yahboom_bot_1/share/yahboom_bot_1/worlds/obstcles.world
[0.464s] -- Symlinking: /home/alex/ROS2/dev_ws/src/yahboom_bot_1/install/yahboom_bot_1/share/yahboom_bot_1/worlds/test_world.world
[0.468s] -- Symlinking: /home/alex/ROS2/dev_ws/src/yahboom_bot_1/install/yahboom_bot_1/share/yahboom_bot_1/meshes/Ackermann/back_left_link.STL
[0.472s] -- Symlinking: /home/alex/ROS2/dev_ws/src/yahboom_bot_1/install/yahboom_bot_1/share/yahboom_bot_1/meshes/Ackermann/back_right_link.STL
[0.475s] -- Symlinking: /home/alex/ROS2/dev_ws/src/yahboom_bot_1/install/yahboom_bot_1/share/yahboom_bot_1/meshes/Ackermann/base_link.STL
[0.479s] -- Symlinking: /home/alex/ROS2/dev_ws/src/yahboom_bot_1/install/yahboom_bot_1/share/yahboom_bot_1/meshes/Ackermann/camera_link.STL
[0.482s] -- Symlinking: /home/alex/ROS2/dev_ws/src/yahboom_bot_1/install/yahboom_bot_1/share/yahboom_bot_1/meshes/Ackermann/front_left_steer.STL
[0.486s] -- Symlinking: /home/alex/ROS2/dev_ws/src/yahboom_bot_1/install/yahboom_bot_1/share/yahboom_bot_1/meshes/Ackermann/front_left_wheel.STL
[0.490s] -- Symlinking: /home/alex/ROS2/dev_ws/src/yahboom_bot_1/install/yahboom_bot_1/share/yahboom_bot_1/meshes/Ackermann/front_right_steer.STL
[0.494s] -- Symlinking: /home/alex/ROS2/dev_ws/src/yahboom_bot_1/install/yahboom_bot_1/share/yahboom_bot_1/meshes/Ackermann/front_right_wheel.STL
[0.498s] -- Symlinking: /home/alex/ROS2/dev_ws/src/yahboom_bot_1/install/yahboom_bot_1/share/yahboom_bot_1/meshes/Ackermann/laser_link.STL
[0.502s] -- Symlinking: /home/alex/ROS2/dev_ws/src/yahboom_bot_1/install/yahboom_bot_1/share/yahboom_bot_1/meshes/back_left_link.STL
[0.506s] -- Symlinking: /home/alex/ROS2/dev_ws/src/yahboom_bot_1/install/yahboom_bot_1/share/yahboom_bot_1/meshes/back_left_wheel_X3.STL
[0.510s] -- Symlinking: /home/alex/ROS2/dev_ws/src/yahboom_bot_1/install/yahboom_bot_1/share/yahboom_bot_1/meshes/back_right_link.STL
[0.513s] -- Symlinking: /home/alex/ROS2/dev_ws/src/yahboom_bot_1/install/yahboom_bot_1/share/yahboom_bot_1/meshes/back_right_wheel_X3.STL
[0.517s] -- Symlinking: /home/alex/ROS2/dev_ws/src/yahboom_bot_1/install/yahboom_bot_1/share/yahboom_bot_1/meshes/base_link.STL
[0.521s] -- Symlinking: /home/alex/ROS2/dev_ws/src/yahboom_bot_1/install/yahboom_bot_1/share/yahboom_bot_1/meshes/base_link_X3.STL
[0.524s] -- Symlinking: /home/alex/ROS2/dev_ws/src/yahboom_bot_1/install/yahboom_bot_1/share/yahboom_bot_1/meshes/camera_link.STL
[0.528s] -- Symlinking: /home/alex/ROS2/dev_ws/src/yahboom_bot_1/install/yahboom_bot_1/share/yahboom_bot_1/meshes/camera_link_R2.STL
[0.532s] -- Symlinking: /home/alex/ROS2/dev_ws/src/yahboom_bot_1/install/yahboom_bot_1/share/yahboom_bot_1/meshes/front_left_steer.STL
[0.536s] -- Symlinking: /home/alex/ROS2/dev_ws/src/yahboom_bot_1/install/yahboom_bot_1/share/yahboom_bot_1/meshes/front_left_wheel.STL
[0.540s] -- Symlinking: /home/alex/ROS2/dev_ws/src/yahboom_bot_1/install/yahboom_bot_1/share/yahboom_bot_1/meshes/front_left_wheel_X3.STL
[0.543s] -- Symlinking: /home/alex/ROS2/dev_ws/src/yahboom_bot_1/install/yahboom_bot_1/share/yahboom_bot_1/meshes/front_right_steer.STL
[0.547s] -- Symlinking: /home/alex/ROS2/dev_ws/src/yahboom_bot_1/install/yahboom_bot_1/share/yahboom_bot_1/meshes/front_right_wheel.STL
[0.552s] -- Symlinking: /home/alex/ROS2/dev_ws/src/yahboom_bot_1/install/yahboom_bot_1/share/yahboom_bot_1/meshes/front_right_wheel_X3.STL
[0.556s] -- Symlinking: /home/alex/ROS2/dev_ws/src/yahboom_bot_1/install/yahboom_bot_1/share/yahboom_bot_1/meshes/laser_link.STL
[0.560s] -- Symlinking: /home/alex/ROS2/dev_ws/src/yahboom_bot_1/install/yahboom_bot_1/share/yahboom_bot_1/meshes/laser_link_R2.STL
[0.563s] -- Symlinking: /home/alex/ROS2/dev_ws/src/yahboom_bot_1/install/yahboom_bot_1/share/yahboom_bot_1/meshes/mecanum/back_left_wheel_X3.STL
[0.567s] -- Symlinking: /home/alex/ROS2/dev_ws/src/yahboom_bot_1/install/yahboom_bot_1/share/yahboom_bot_1/meshes/mecanum/back_right_wheel_X3.STL
[0.572s] -- Symlinking: /home/alex/ROS2/dev_ws/src/yahboom_bot_1/install/yahboom_bot_1/share/yahboom_bot_1/meshes/mecanum/base_link_X3.STL
[0.576s] -- Symlinking: /home/alex/ROS2/dev_ws/src/yahboom_bot_1/install/yahboom_bot_1/share/yahboom_bot_1/meshes/mecanum/front_left_wheel_X3.STL
[0.580s] -- Symlinking: /home/alex/ROS2/dev_ws/src/yahboom_bot_1/install/yahboom_bot_1/share/yahboom_bot_1/meshes/mecanum/front_right_wheel_X3.STL
[0.584s] -- Symlinking: /home/alex/ROS2/dev_ws/src/yahboom_bot_1/install/yahboom_bot_1/share/yahboom_bot_1/meshes/sensor/camera_link.STL
[0.588s] -- Symlinking: /home/alex/ROS2/dev_ws/src/yahboom_bot_1/install/yahboom_bot_1/share/yahboom_bot_1/meshes/sensor/laser_link.STL
[0.593s] -- Symlinking: /home/alex/ROS2/dev_ws/src/yahboom_bot_1/install/yahboom_bot_1/share/ament_index/resource_index/package_run_dependencies/yahboom_bot_1
[0.597s] -- Symlinking: /home/alex/ROS2/dev_ws/src/yahboom_bot_1/install/yahboom_bot_1/share/ament_index/resource_index/parent_prefix_path/yahboom_bot_1
[0.601s] -- Symlinking: /home/alex/ROS2/dev_ws/src/yahboom_bot_1/install/yahboom_bot_1/share/yahboom_bot_1/environment/ament_prefix_path.sh
[0.604s] -- Symlinking: /home/alex/ROS2/dev_ws/src/yahboom_bot_1/install/yahboom_bot_1/share/yahboom_bot_1/environment/ament_prefix_path.dsv
[0.608s] -- Symlinking: /home/alex/ROS2/dev_ws/src/yahboom_bot_1/install/yahboom_bot_1/share/yahboom_bot_1/environment/path.sh
[0.612s] -- Symlinking: /home/alex/ROS2/dev_ws/src/yahboom_bot_1/install/yahboom_bot_1/share/yahboom_bot_1/environment/path.dsv
[0.616s] -- Symlinking: /home/alex/ROS2/dev_ws/src/yahboom_bot_1/install/yahboom_bot_1/share/yahboom_bot_1/local_setup.bash
[0.620s] -- Symlinking: /home/alex/ROS2/dev_ws/src/yahboom_bot_1/install/yahboom_bot_1/share/yahboom_bot_1/local_setup.sh
[0.624s] -- Symlinking: /home/alex/ROS2/dev_ws/src/yahboom_bot_1/install/yahboom_bot_1/share/yahboom_bot_1/local_setup.zsh
[0.628s] -- Symlinking: /home/alex/ROS2/dev_ws/src/yahboom_bot_1/install/yahboom_bot_1/share/yahboom_bot_1/local_setup.dsv
[0.632s] -- Symlinking: /home/alex/ROS2/dev_ws/src/yahboom_bot_1/install/yahboom_bot_1/share/yahboom_bot_1/package.dsv
[0.637s] -- Symlinking: /home/alex/ROS2/dev_ws/src/yahboom_bot_1/install/yahboom_bot_1/share/ament_index/resource_index/packages/yahboom_bot_1
[0.642s] -- Symlinking: /home/alex/ROS2/dev_ws/src/yahboom_bot_1/install/yahboom_bot_1/share/yahboom_bot_1/cmake/yahboom_bot_1Config.cmake
[0.646s] -- Symlinking: /home/alex/ROS2/dev_ws/src/yahboom_bot_1/install/yahboom_bot_1/share/yahboom_bot_1/cmake/yahboom_bot_1Config-version.cmake
[0.650s] -- Symlinking: /home/alex/ROS2/dev_ws/src/yahboom_bot_1/install/yahboom_bot_1/share/yahboom_bot_1/package.xml
[0.655s] Invoked command in '/home/alex/ROS2/dev_ws/src/yahboom_bot_1/build/yahboom_bot_1' returned '0': CMAKE_PREFIX_PATH=${CMAKE_PREFIX_PATH}:/opt/ros/humble /usr/bin/cmake --install /home/alex/ROS2/dev_ws/src/yahboom_bot_1/build/yahboom_bot_1
