[0.005s] Invoking command in '/home/alex/ROS2/dev_ws/src/yahboom_bot_1/build/yahboom_bot_1': CMAKE_PREFIX_PATH=${CMAKE_PREFIX_PATH}:/opt/ros/humble /usr/bin/cmake /home/alex/ROS2/dev_ws/src/yahboom_bot_1 -DAMENT_CMAKE_SYMLINK_INSTALL=1 -DCMAKE_INSTALL_PREFIX=/home/alex/ROS2/dev_ws/src/yahboom_bot_1/install/yahboom_bot_1
[0.030s] -- The C compiler identification is GNU 11.4.0
[0.055s] -- The CXX compiler identification is GNU 11.4.0
[0.058s] -- Detecting C compiler ABI info
[0.088s] -- Detecting C compiler ABI info - done
[0.091s] -- Check for working C compiler: /usr/bin/cc - skipped
[0.091s] -- Detecting C compile features
[0.092s] -- Detecting C compile features - done
[0.093s] -- Detecting CXX compiler ABI info
[0.129s] -- Detecting CXX compiler ABI info - done
[0.133s] -- Check for working CXX compiler: /usr/bin/c++ - skipped
[0.133s] -- Detecting CXX compile features
[0.133s] -- Detecting CXX compile features - done
[0.134s] -- Found ament_cmake: 1.3.11 (/opt/ros/humble/share/ament_cmake/cmake)
[0.202s] -- Found Python3: /usr/bin/python3 (found version "3.10.12") found components: Interpreter 
[0.230s] -- Override CMake install command with custom implementation using symlinks instead of copying resources
[0.241s] -- Found ament_lint_auto: 0.12.12 (/opt/ros/humble/share/ament_lint_auto/cmake)
[0.277s] -- Added test 'copyright' to check source files copyright and LICENSE
[0.284s] -- Added test 'cppcheck' to perform static code analysis on C / C++ code
[0.284s] -- Configured cppcheck include dirs: 
[0.284s] -- Configured cppcheck exclude dirs and/or files: 
[0.288s] -- Added test 'cpplint' to check C / C++ code against the Google style
[0.288s] -- Configured cpplint exclude dirs and/or files: 
[0.289s] -- Added test 'flake8' to check Python code syntax and style conventions
[0.290s] -- Added test 'lint_cmake' to check CMake code style
[0.291s] -- Added test 'pep257' to check Python code against some of the docstring style conventions in PEP 257
[0.295s] -- Added test 'uncrustify' to check C / C++ code style
[0.295s] -- Configured uncrustify additional arguments: 
[0.296s] -- Added test 'xmllint' to check XML markup files
[0.297s] -- Configuring done
[0.298s] -- Generating done
[0.299s] -- Build files have been written to: /home/alex/ROS2/dev_ws/src/yahboom_bot_1/build/yahboom_bot_1
[0.301s] Invoked command in '/home/alex/ROS2/dev_ws/src/yahboom_bot_1/build/yahboom_bot_1' returned '0': CMAKE_PREFIX_PATH=${CMAKE_PREFIX_PATH}:/opt/ros/humble /usr/bin/cmake /home/alex/ROS2/dev_ws/src/yahboom_bot_1 -DAMENT_CMAKE_SYMLINK_INSTALL=1 -DCMAKE_INSTALL_PREFIX=/home/alex/ROS2/dev_ws/src/yahboom_bot_1/install/yahboom_bot_1
[0.302s] Invoking command in '/home/alex/ROS2/dev_ws/src/yahboom_bot_1/build/yahboom_bot_1': CMAKE_PREFIX_PATH=${CMAKE_PREFIX_PATH}:/opt/ros/humble /usr/bin/cmake --build /home/alex/ROS2/dev_ws/src/yahboom_bot_1/build/yahboom_bot_1 -- -j4 -l4
[0.317s] Invoked command in '/home/alex/ROS2/dev_ws/src/yahboom_bot_1/build/yahboom_bot_1' returned '0': CMAKE_PREFIX_PATH=${CMAKE_PREFIX_PATH}:/opt/ros/humble /usr/bin/cmake --build /home/alex/ROS2/dev_ws/src/yahboom_bot_1/build/yahboom_bot_1 -- -j4 -l4
[0.322s] Invoking command in '/home/alex/ROS2/dev_ws/src/yahboom_bot_1/build/yahboom_bot_1': CMAKE_PREFIX_PATH=${CMAKE_PREFIX_PATH}:/opt/ros/humble /usr/bin/cmake --install /home/alex/ROS2/dev_ws/src/yahboom_bot_1/build/yahboom_bot_1
[0.324s] -- Install configuration: ""
[0.325s] -- Execute custom install script
[0.325s] -- Symlinking: /home/alex/ROS2/dev_ws/src/yahboom_bot_1/install/yahboom_bot_1/share/yahboom_bot_1/config/controllers.yaml
[0.329s] -- Symlinking: /home/alex/ROS2/dev_ws/src/yahboom_bot_1/install/yahboom_bot_1/share/yahboom_bot_1/config/empty.yaml
[0.332s] -- Symlinking: /home/alex/ROS2/dev_ws/src/yahboom_bot_1/install/yahboom_bot_1/share/yahboom_bot_1/config/view_bot.rviz
[0.336s] -- Symlinking: /home/alex/ROS2/dev_ws/src/yahboom_bot_1/install/yahboom_bot_1/share/yahboom_bot_1/config/view_bot2.rviz
[0.339s] -- Symlinking: /home/alex/ROS2/dev_ws/src/yahboom_bot_1/install/yahboom_bot_1/share/yahboom_bot_1/description/gazebo_control.xacro
[0.343s] -- Symlinking: /home/alex/ROS2/dev_ws/src/yahboom_bot_1/install/yahboom_bot_1/share/yahboom_bot_1/description/gazebo_control_diff.xacro
[0.347s] -- Symlinking: /home/alex/ROS2/dev_ws/src/yahboom_bot_1/install/yahboom_bot_1/share/yahboom_bot_1/description/robot.urdf.xacro
[0.350s] -- Symlinking: /home/alex/ROS2/dev_ws/src/yahboom_bot_1/install/yahboom_bot_1/share/yahboom_bot_1/description/robot_backup.urdf.xacro
[0.354s] -- Symlinking: /home/alex/ROS2/dev_ws/src/yahboom_bot_1/install/yahboom_bot_1/share/yahboom_bot_1/description/robot_core.xacro
[0.357s] -- Symlinking: /home/alex/ROS2/dev_ws/src/yahboom_bot_1/install/yahboom_bot_1/share/yahboom_bot_1/description/robot_core_test.xacro
[0.360s] -- Symlinking: /home/alex/ROS2/dev_ws/src/yahboom_bot_1/install/yahboom_bot_1/share/yahboom_bot_1/description/test_ack.xacro
[0.364s] -- Symlinking: /home/alex/ROS2/dev_ws/src/yahboom_bot_1/install/yahboom_bot_1/share/yahboom_bot_1/description/test_gazebo_ack.xacro
[0.367s] -- Symlinking: /home/alex/ROS2/dev_ws/src/yahboom_bot_1/install/yahboom_bot_1/share/yahboom_bot_1/launch/launch_sim.launch.py
[0.370s] -- Symlinking: /home/alex/ROS2/dev_ws/src/yahboom_bot_1/install/yahboom_bot_1/share/yahboom_bot_1/launch/robot_description_publisher.launch.py
[0.374s] -- Symlinking: /home/alex/ROS2/dev_ws/src/yahboom_bot_1/install/yahboom_bot_1/share/yahboom_bot_1/launch/rsp.launch.py
[0.377s] -- Symlinking: /home/alex/ROS2/dev_ws/src/yahboom_bot_1/install/yahboom_bot_1/share/yahboom_bot_1/launch/test.launch.py
[0.381s] -- Symlinking: /home/alex/ROS2/dev_ws/src/yahboom_bot_1/install/yahboom_bot_1/share/yahboom_bot_1/worlds/empty.world
[0.384s] -- Symlinking: /home/alex/ROS2/dev_ws/src/yahboom_bot_1/install/yahboom_bot_1/share/yahboom_bot_1/meshes/Ackermann/back_left_link.STL
[0.388s] -- Symlinking: /home/alex/ROS2/dev_ws/src/yahboom_bot_1/install/yahboom_bot_1/share/yahboom_bot_1/meshes/Ackermann/back_right_link.STL
[0.391s] -- Symlinking: /home/alex/ROS2/dev_ws/src/yahboom_bot_1/install/yahboom_bot_1/share/yahboom_bot_1/meshes/Ackermann/base_link.STL
[0.394s] -- Symlinking: /home/alex/ROS2/dev_ws/src/yahboom_bot_1/install/yahboom_bot_1/share/yahboom_bot_1/meshes/Ackermann/camera_link.STL
[0.398s] -- Symlinking: /home/alex/ROS2/dev_ws/src/yahboom_bot_1/install/yahboom_bot_1/share/yahboom_bot_1/meshes/Ackermann/front_left_steer.STL
[0.401s] -- Symlinking: /home/alex/ROS2/dev_ws/src/yahboom_bot_1/install/yahboom_bot_1/share/yahboom_bot_1/meshes/Ackermann/front_left_wheel.STL
[0.404s] -- Symlinking: /home/alex/ROS2/dev_ws/src/yahboom_bot_1/install/yahboom_bot_1/share/yahboom_bot_1/meshes/Ackermann/front_right_steer.STL
[0.408s] -- Symlinking: /home/alex/ROS2/dev_ws/src/yahboom_bot_1/install/yahboom_bot_1/share/yahboom_bot_1/meshes/Ackermann/front_right_wheel.STL
[0.411s] -- Symlinking: /home/alex/ROS2/dev_ws/src/yahboom_bot_1/install/yahboom_bot_1/share/yahboom_bot_1/meshes/Ackermann/laser_link.STL
[0.415s] -- Symlinking: /home/alex/ROS2/dev_ws/src/yahboom_bot_1/install/yahboom_bot_1/share/yahboom_bot_1/meshes/back_left_link.STL
[0.418s] -- Symlinking: /home/alex/ROS2/dev_ws/src/yahboom_bot_1/install/yahboom_bot_1/share/yahboom_bot_1/meshes/back_left_wheel_X3.STL
[0.421s] -- Symlinking: /home/alex/ROS2/dev_ws/src/yahboom_bot_1/install/yahboom_bot_1/share/yahboom_bot_1/meshes/back_right_link.STL
[0.425s] -- Symlinking: /home/alex/ROS2/dev_ws/src/yahboom_bot_1/install/yahboom_bot_1/share/yahboom_bot_1/meshes/back_right_wheel_X3.STL
[0.428s] -- Symlinking: /home/alex/ROS2/dev_ws/src/yahboom_bot_1/install/yahboom_bot_1/share/yahboom_bot_1/meshes/base_link.STL
[0.431s] -- Symlinking: /home/alex/ROS2/dev_ws/src/yahboom_bot_1/install/yahboom_bot_1/share/yahboom_bot_1/meshes/base_link_X3.STL
[0.435s] -- Symlinking: /home/alex/ROS2/dev_ws/src/yahboom_bot_1/install/yahboom_bot_1/share/yahboom_bot_1/meshes/camera_link.STL
[0.438s] -- Symlinking: /home/alex/ROS2/dev_ws/src/yahboom_bot_1/install/yahboom_bot_1/share/yahboom_bot_1/meshes/camera_link_R2.STL
[0.442s] -- Symlinking: /home/alex/ROS2/dev_ws/src/yahboom_bot_1/install/yahboom_bot_1/share/yahboom_bot_1/meshes/front_left_steer.STL
[0.446s] -- Symlinking: /home/alex/ROS2/dev_ws/src/yahboom_bot_1/install/yahboom_bot_1/share/yahboom_bot_1/meshes/front_left_wheel.STL
[0.449s] -- Symlinking: /home/alex/ROS2/dev_ws/src/yahboom_bot_1/install/yahboom_bot_1/share/yahboom_bot_1/meshes/front_left_wheel_X3.STL
[0.452s] -- Symlinking: /home/alex/ROS2/dev_ws/src/yahboom_bot_1/install/yahboom_bot_1/share/yahboom_bot_1/meshes/front_right_steer.STL
[0.456s] -- Symlinking: /home/alex/ROS2/dev_ws/src/yahboom_bot_1/install/yahboom_bot_1/share/yahboom_bot_1/meshes/front_right_wheel.STL
[0.459s] -- Symlinking: /home/alex/ROS2/dev_ws/src/yahboom_bot_1/install/yahboom_bot_1/share/yahboom_bot_1/meshes/front_right_wheel_X3.STL
[0.462s] -- Symlinking: /home/alex/ROS2/dev_ws/src/yahboom_bot_1/install/yahboom_bot_1/share/yahboom_bot_1/meshes/laser_link.STL
[0.466s] -- Symlinking: /home/alex/ROS2/dev_ws/src/yahboom_bot_1/install/yahboom_bot_1/share/yahboom_bot_1/meshes/laser_link_R2.STL
[0.469s] -- Symlinking: /home/alex/ROS2/dev_ws/src/yahboom_bot_1/install/yahboom_bot_1/share/yahboom_bot_1/meshes/mecanum/back_left_wheel_X3.STL
[0.473s] -- Symlinking: /home/alex/ROS2/dev_ws/src/yahboom_bot_1/install/yahboom_bot_1/share/yahboom_bot_1/meshes/mecanum/back_right_wheel_X3.STL
[0.476s] -- Symlinking: /home/alex/ROS2/dev_ws/src/yahboom_bot_1/install/yahboom_bot_1/share/yahboom_bot_1/meshes/mecanum/base_link_X3.STL
[0.480s] -- Symlinking: /home/alex/ROS2/dev_ws/src/yahboom_bot_1/install/yahboom_bot_1/share/yahboom_bot_1/meshes/mecanum/front_left_wheel_X3.STL
[0.483s] -- Symlinking: /home/alex/ROS2/dev_ws/src/yahboom_bot_1/install/yahboom_bot_1/share/yahboom_bot_1/meshes/mecanum/front_right_wheel_X3.STL
[0.487s] -- Symlinking: /home/alex/ROS2/dev_ws/src/yahboom_bot_1/install/yahboom_bot_1/share/yahboom_bot_1/meshes/sensor/camera_link.STL
[0.490s] -- Symlinking: /home/alex/ROS2/dev_ws/src/yahboom_bot_1/install/yahboom_bot_1/share/yahboom_bot_1/meshes/sensor/laser_link.STL
[0.494s] -- Symlinking: /home/alex/ROS2/dev_ws/src/yahboom_bot_1/install/yahboom_bot_1/share/ament_index/resource_index/package_run_dependencies/yahboom_bot_1
[0.498s] -- Symlinking: /home/alex/ROS2/dev_ws/src/yahboom_bot_1/install/yahboom_bot_1/share/ament_index/resource_index/parent_prefix_path/yahboom_bot_1
[0.502s] -- Symlinking: /home/alex/ROS2/dev_ws/src/yahboom_bot_1/install/yahboom_bot_1/share/yahboom_bot_1/environment/ament_prefix_path.sh
[0.505s] -- Symlinking: /home/alex/ROS2/dev_ws/src/yahboom_bot_1/install/yahboom_bot_1/share/yahboom_bot_1/environment/ament_prefix_path.dsv
[0.509s] -- Symlinking: /home/alex/ROS2/dev_ws/src/yahboom_bot_1/install/yahboom_bot_1/share/yahboom_bot_1/environment/path.sh
[0.512s] -- Symlinking: /home/alex/ROS2/dev_ws/src/yahboom_bot_1/install/yahboom_bot_1/share/yahboom_bot_1/environment/path.dsv
[0.516s] -- Symlinking: /home/alex/ROS2/dev_ws/src/yahboom_bot_1/install/yahboom_bot_1/share/yahboom_bot_1/local_setup.bash
[0.519s] -- Symlinking: /home/alex/ROS2/dev_ws/src/yahboom_bot_1/install/yahboom_bot_1/share/yahboom_bot_1/local_setup.sh
[0.523s] -- Symlinking: /home/alex/ROS2/dev_ws/src/yahboom_bot_1/install/yahboom_bot_1/share/yahboom_bot_1/local_setup.zsh
[0.527s] -- Symlinking: /home/alex/ROS2/dev_ws/src/yahboom_bot_1/install/yahboom_bot_1/share/yahboom_bot_1/local_setup.dsv
[0.530s] -- Symlinking: /home/alex/ROS2/dev_ws/src/yahboom_bot_1/install/yahboom_bot_1/share/yahboom_bot_1/package.dsv
[0.534s] -- Symlinking: /home/alex/ROS2/dev_ws/src/yahboom_bot_1/install/yahboom_bot_1/share/ament_index/resource_index/packages/yahboom_bot_1
[0.537s] -- Symlinking: /home/alex/ROS2/dev_ws/src/yahboom_bot_1/install/yahboom_bot_1/share/yahboom_bot_1/cmake/yahboom_bot_1Config.cmake
[0.541s] -- Symlinking: /home/alex/ROS2/dev_ws/src/yahboom_bot_1/install/yahboom_bot_1/share/yahboom_bot_1/cmake/yahboom_bot_1Config-version.cmake
[0.544s] -- Symlinking: /home/alex/ROS2/dev_ws/src/yahboom_bot_1/install/yahboom_bot_1/share/yahboom_bot_1/package.xml
[0.549s] Invoked command in '/home/alex/ROS2/dev_ws/src/yahboom_bot_1/build/yahboom_bot_1' returned '0': CMAKE_PREFIX_PATH=${CMAKE_PREFIX_PATH}:/opt/ros/humble /usr/bin/cmake --install /home/alex/ROS2/dev_ws/src/yahboom_bot_1/build/yahboom_bot_1
