-- Install configuration: ""
-- Execute custom install script
-- Symlinking: /home/alex/ROS2/dev_ws/src/yahboom_bot_1/install/yahboom_bot_1/share/yahboom_bot_1/config/TEST_config.rviz
-- Up-to-date symlink: /home/alex/ROS2/dev_ws/src/yahboom_bot_1/install/yahboom_bot_1/share/yahboom_bot_1/config/controllers.yaml
-- Up-to-date symlink: /home/alex/ROS2/dev_ws/src/yahboom_bot_1/install/yahboom_bot_1/share/yahboom_bot_1/config/empty.yaml
-- Up-to-date symlink: /home/alex/ROS2/dev_ws/src/yahboom_bot_1/install/yahboom_bot_1/share/yahboom_bot_1/config/view_bot.rviz
-- Up-to-date symlink: /home/alex/ROS2/dev_ws/src/yahboom_bot_1/install/yahboom_bot_1/share/yahboom_bot_1/config/view_bot2.rviz
-- Symlinking: /home/alex/ROS2/dev_ws/src/yahboom_bot_1/install/yahboom_bot_1/share/yahboom_bot_1/description/OLD_gazebo_control.xacro
-- Symlinking: /home/alex/ROS2/dev_ws/src/yahboom_bot_1/install/yahboom_bot_1/share/yahboom_bot_1/description/OLD_robot_core.xacro
-- Symlinking: /home/alex/ROS2/dev_ws/src/yahboom_bot_1/install/yahboom_bot_1/share/yahboom_bot_1/description/TEST_ack.xacro
-- Up-to-date symlink: /home/alex/ROS2/dev_ws/src/yahboom_bot_1/install/yahboom_bot_1/share/yahboom_bot_1/description/gazebo_control.xacro
-- Up-to-date symlink: /home/alex/ROS2/dev_ws/src/yahboom_bot_1/install/yahboom_bot_1/share/yahboom_bot_1/description/gazebo_control_diff.xacro
-- Symlinking: /home/alex/ROS2/dev_ws/src/yahboom_bot_1/install/yahboom_bot_1/share/yahboom_bot_1/description/lidar.xacro
-- Up-to-date symlink: /home/alex/ROS2/dev_ws/src/yahboom_bot_1/install/yahboom_bot_1/share/yahboom_bot_1/description/robot.urdf.xacro
-- Up-to-date symlink: /home/alex/ROS2/dev_ws/src/yahboom_bot_1/install/yahboom_bot_1/share/yahboom_bot_1/description/robot_core.xacro
-- Symlinking: /home/alex/ROS2/dev_ws/src/yahboom_bot_1/install/yahboom_bot_1/share/yahboom_bot_1/description/robot_core_BACKUP.urdf.xacro
-- Up-to-date symlink: /home/alex/ROS2/dev_ws/src/yahboom_bot_1/install/yahboom_bot_1/share/yahboom_bot_1/launch/launch_sim.launch.py
-- Up-to-date symlink: /home/alex/ROS2/dev_ws/src/yahboom_bot_1/install/yahboom_bot_1/share/yahboom_bot_1/launch/robot_description_publisher.launch.py
-- Up-to-date symlink: /home/alex/ROS2/dev_ws/src/yahboom_bot_1/install/yahboom_bot_1/share/yahboom_bot_1/launch/rsp.launch.py
-- Up-to-date symlink: /home/alex/ROS2/dev_ws/src/yahboom_bot_1/install/yahboom_bot_1/share/yahboom_bot_1/launch/test.launch.py
-- Up-to-date symlink: /home/alex/ROS2/dev_ws/src/yahboom_bot_1/install/yahboom_bot_1/share/yahboom_bot_1/worlds/empty.world
-- Symlinking: /home/alex/ROS2/dev_ws/src/yahboom_bot_1/install/yahboom_bot_1/share/yahboom_bot_1/worlds/test_world.world
-- Up-to-date symlink: /home/alex/ROS2/dev_ws/src/yahboom_bot_1/install/yahboom_bot_1/share/yahboom_bot_1/meshes/Ackermann/back_left_link.STL
-- Up-to-date symlink: /home/alex/ROS2/dev_ws/src/yahboom_bot_1/install/yahboom_bot_1/share/yahboom_bot_1/meshes/Ackermann/back_right_link.STL
-- Up-to-date symlink: /home/alex/ROS2/dev_ws/src/yahboom_bot_1/install/yahboom_bot_1/share/yahboom_bot_1/meshes/Ackermann/base_link.STL
-- Up-to-date symlink: /home/alex/ROS2/dev_ws/src/yahboom_bot_1/install/yahboom_bot_1/share/yahboom_bot_1/meshes/Ackermann/camera_link.STL
-- Up-to-date symlink: /home/alex/ROS2/dev_ws/src/yahboom_bot_1/install/yahboom_bot_1/share/yahboom_bot_1/meshes/Ackermann/front_left_steer.STL
-- Up-to-date symlink: /home/alex/ROS2/dev_ws/src/yahboom_bot_1/install/yahboom_bot_1/share/yahboom_bot_1/meshes/Ackermann/front_left_wheel.STL
-- Up-to-date symlink: /home/alex/ROS2/dev_ws/src/yahboom_bot_1/install/yahboom_bot_1/share/yahboom_bot_1/meshes/Ackermann/front_right_steer.STL
-- Up-to-date symlink: /home/alex/ROS2/dev_ws/src/yahboom_bot_1/install/yahboom_bot_1/share/yahboom_bot_1/meshes/Ackermann/front_right_wheel.STL
-- Up-to-date symlink: /home/alex/ROS2/dev_ws/src/yahboom_bot_1/install/yahboom_bot_1/share/yahboom_bot_1/meshes/Ackermann/laser_link.STL
-- Up-to-date symlink: /home/alex/ROS2/dev_ws/src/yahboom_bot_1/install/yahboom_bot_1/share/yahboom_bot_1/meshes/back_left_link.STL
-- Up-to-date symlink: /home/alex/ROS2/dev_ws/src/yahboom_bot_1/install/yahboom_bot_1/share/yahboom_bot_1/meshes/back_left_wheel_X3.STL
-- Up-to-date symlink: /home/alex/ROS2/dev_ws/src/yahboom_bot_1/install/yahboom_bot_1/share/yahboom_bot_1/meshes/back_right_link.STL
-- Up-to-date symlink: /home/alex/ROS2/dev_ws/src/yahboom_bot_1/install/yahboom_bot_1/share/yahboom_bot_1/meshes/back_right_wheel_X3.STL
-- Up-to-date symlink: /home/alex/ROS2/dev_ws/src/yahboom_bot_1/install/yahboom_bot_1/share/yahboom_bot_1/meshes/base_link.STL
-- Up-to-date symlink: /home/alex/ROS2/dev_ws/src/yahboom_bot_1/install/yahboom_bot_1/share/yahboom_bot_1/meshes/base_link_X3.STL
-- Up-to-date symlink: /home/alex/ROS2/dev_ws/src/yahboom_bot_1/install/yahboom_bot_1/share/yahboom_bot_1/meshes/camera_link.STL
-- Up-to-date symlink: /home/alex/ROS2/dev_ws/src/yahboom_bot_1/install/yahboom_bot_1/share/yahboom_bot_1/meshes/camera_link_R2.STL
-- Up-to-date symlink: /home/alex/ROS2/dev_ws/src/yahboom_bot_1/install/yahboom_bot_1/share/yahboom_bot_1/meshes/front_left_steer.STL
-- Up-to-date symlink: /home/alex/ROS2/dev_ws/src/yahboom_bot_1/install/yahboom_bot_1/share/yahboom_bot_1/meshes/front_left_wheel.STL
-- Up-to-date symlink: /home/alex/ROS2/dev_ws/src/yahboom_bot_1/install/yahboom_bot_1/share/yahboom_bot_1/meshes/front_left_wheel_X3.STL
-- Up-to-date symlink: /home/alex/ROS2/dev_ws/src/yahboom_bot_1/install/yahboom_bot_1/share/yahboom_bot_1/meshes/front_right_steer.STL
-- Up-to-date symlink: /home/alex/ROS2/dev_ws/src/yahboom_bot_1/install/yahboom_bot_1/share/yahboom_bot_1/meshes/front_right_wheel.STL
-- Up-to-date symlink: /home/alex/ROS2/dev_ws/src/yahboom_bot_1/install/yahboom_bot_1/share/yahboom_bot_1/meshes/front_right_wheel_X3.STL
-- Up-to-date symlink: /home/alex/ROS2/dev_ws/src/yahboom_bot_1/install/yahboom_bot_1/share/yahboom_bot_1/meshes/laser_link.STL
-- Up-to-date symlink: /home/alex/ROS2/dev_ws/src/yahboom_bot_1/install/yahboom_bot_1/share/yahboom_bot_1/meshes/laser_link_R2.STL
-- Up-to-date symlink: /home/alex/ROS2/dev_ws/src/yahboom_bot_1/install/yahboom_bot_1/share/yahboom_bot_1/meshes/mecanum/back_left_wheel_X3.STL
-- Up-to-date symlink: /home/alex/ROS2/dev_ws/src/yahboom_bot_1/install/yahboom_bot_1/share/yahboom_bot_1/meshes/mecanum/back_right_wheel_X3.STL
-- Up-to-date symlink: /home/alex/ROS2/dev_ws/src/yahboom_bot_1/install/yahboom_bot_1/share/yahboom_bot_1/meshes/mecanum/base_link_X3.STL
-- Up-to-date symlink: /home/alex/ROS2/dev_ws/src/yahboom_bot_1/install/yahboom_bot_1/share/yahboom_bot_1/meshes/mecanum/front_left_wheel_X3.STL
-- Up-to-date symlink: /home/alex/ROS2/dev_ws/src/yahboom_bot_1/install/yahboom_bot_1/share/yahboom_bot_1/meshes/mecanum/front_right_wheel_X3.STL
-- Up-to-date symlink: /home/alex/ROS2/dev_ws/src/yahboom_bot_1/install/yahboom_bot_1/share/yahboom_bot_1/meshes/sensor/camera_link.STL
-- Up-to-date symlink: /home/alex/ROS2/dev_ws/src/yahboom_bot_1/install/yahboom_bot_1/share/yahboom_bot_1/meshes/sensor/laser_link.STL
-- Up-to-date symlink: /home/alex/ROS2/dev_ws/src/yahboom_bot_1/install/yahboom_bot_1/share/ament_index/resource_index/package_run_dependencies/yahboom_bot_1
-- Up-to-date symlink: /home/alex/ROS2/dev_ws/src/yahboom_bot_1/install/yahboom_bot_1/share/ament_index/resource_index/parent_prefix_path/yahboom_bot_1
-- Up-to-date symlink: /home/alex/ROS2/dev_ws/src/yahboom_bot_1/install/yahboom_bot_1/share/yahboom_bot_1/environment/ament_prefix_path.sh
-- Up-to-date symlink: /home/alex/ROS2/dev_ws/src/yahboom_bot_1/install/yahboom_bot_1/share/yahboom_bot_1/environment/ament_prefix_path.dsv
-- Up-to-date symlink: /home/alex/ROS2/dev_ws/src/yahboom_bot_1/install/yahboom_bot_1/share/yahboom_bot_1/environment/path.sh
-- Up-to-date symlink: /home/alex/ROS2/dev_ws/src/yahboom_bot_1/install/yahboom_bot_1/share/yahboom_bot_1/environment/path.dsv
-- Up-to-date symlink: /home/alex/ROS2/dev_ws/src/yahboom_bot_1/install/yahboom_bot_1/share/yahboom_bot_1/local_setup.bash
-- Up-to-date symlink: /home/alex/ROS2/dev_ws/src/yahboom_bot_1/install/yahboom_bot_1/share/yahboom_bot_1/local_setup.sh
-- Up-to-date symlink: /home/alex/ROS2/dev_ws/src/yahboom_bot_1/install/yahboom_bot_1/share/yahboom_bot_1/local_setup.zsh
-- Up-to-date symlink: /home/alex/ROS2/dev_ws/src/yahboom_bot_1/install/yahboom_bot_1/share/yahboom_bot_1/local_setup.dsv
-- Symlinking: /home/alex/ROS2/dev_ws/src/yahboom_bot_1/install/yahboom_bot_1/share/yahboom_bot_1/package.dsv
-- Up-to-date symlink: /home/alex/ROS2/dev_ws/src/yahboom_bot_1/install/yahboom_bot_1/share/ament_index/resource_index/packages/yahboom_bot_1
-- Up-to-date symlink: /home/alex/ROS2/dev_ws/src/yahboom_bot_1/install/yahboom_bot_1/share/yahboom_bot_1/cmake/yahboom_bot_1Config.cmake
-- Up-to-date symlink: /home/alex/ROS2/dev_ws/src/yahboom_bot_1/install/yahboom_bot_1/share/yahboom_bot_1/cmake/yahboom_bot_1Config-version.cmake
-- Up-to-date symlink: /home/alex/ROS2/dev_ws/src/yahboom_bot_1/install/yahboom_bot_1/share/yahboom_bot_1/package.xml
